{
  "stats": {
    "suites": 7,
    "tests": 7,
    "passes": 7,
    "pending": 0,
    "failures": 0,
    "start": "2023-01-31T05:46:59.940Z",
    "end": "2023-01-31T05:47:00.032Z",
    "duration": 92,
    "testsRegistered": 7,
    "passPercent": 100,
    "pendingPercent": 0,
    "other": 0,
    "hasOther": false,
    "skipped": 0,
    "hasSkipped": false
  },
  "results": [
    {
      "uuid": "f6301fb9-f0cb-490c-bfde-325cf079990e",
      "title": "",
      "fullFile": "",
      "file": "",
      "beforeHooks": [],
      "afterHooks": [],
      "tests": [],
      "suites": [
        {
          "uuid": "700f9940-a64a-491a-803b-bb68063cfa1c",
          "title": "/Testing the home route",
          "fullFile": "D:\\frontend projects\\Alma backend\\__tests__\\HomeRoute.test.js",
          "file": "\\__tests__\\HomeRoute.test.js",
          "beforeHooks": [],
          "afterHooks": [],
          "tests": [
            {
              "title": "should get default API home route",
              "fullTitle": "/Testing the home route should get default API home route",
              "timedOut": false,
              "duration": 9,
              "state": "passed",
              "speed": "fast",
              "pass": true,
              "fail": false,
              "pending": false,
              "context": null,
              "code": "chai\n  .request(server)\n  .get(\"/\")\n  .end((err, res) => {\n    res.should.have.status(200);\n    res.body.should.be.a(\"object\");\n    const greetingMsg = res.body.greeting;\n    expect(greetingMsg).to.be.eq(\n      \"Hi, I am Anjum Shaikh, this is a backend API to Youtube Subscribers\"\n    );\n  });\ndone();",
              "err": {},
              "uuid": "5356269d-8a04-4c97-a8e6-87d86111918a",
              "parentUUID": "700f9940-a64a-491a-803b-bb68063cfa1c",
              "isHook": false,
              "skipped": false
            }
          ],
          "suites": [],
          "passes": [
            "5356269d-8a04-4c97-a8e6-87d86111918a"
          ],
          "failures": [],
          "pending": [],
          "skipped": [],
          "duration": 9,
          "root": false,
          "rootEmpty": false,
          "_timeout": 60000
        },
        {
          "uuid": "6b767931-4ea8-4f60-86d8-4695a6bd4902",
          "title": "GET all subscribers",
          "fullFile": "D:\\frontend projects\\Alma backend\\__tests__\\ytSubscribeController.test.js",
          "file": "\\__tests__\\ytSubscribeController.test.js",
          "beforeHooks": [],
          "afterHooks": [],
          "tests": [
            {
              "title": "should get all subscribers",
              "fullTitle": "GET all subscribers should get all subscribers",
              "timedOut": false,
              "duration": 4,
              "state": "passed",
              "speed": "fast",
              "pass": true,
              "fail": false,
              "pending": false,
              "context": null,
              "code": "chai\n  .request(\"http://localhost:8080\")\n  .get(\"/subscribers\")\n  .end((err, res) => {\n    if (err) {\n      console.log(err);\n    } else {\n      res.should.have.status(200);\n      res.body.should.be.a(\"array\");\n      res.body.length.should.be.eq(3);\n    }\n  });\ndone();",
              "err": {},
              "uuid": "145ade94-ec3c-46ce-ad15-3d92f0d020ff",
              "parentUUID": "6b767931-4ea8-4f60-86d8-4695a6bd4902",
              "isHook": false,
              "skipped": false
            }
          ],
          "suites": [],
          "passes": [
            "145ade94-ec3c-46ce-ad15-3d92f0d020ff"
          ],
          "failures": [],
          "pending": [],
          "skipped": [],
          "duration": 4,
          "root": false,
          "rootEmpty": false,
          "_timeout": 60000
        },
        {
          "uuid": "88f064a5-c9a7-4e89-978f-2712a100d347",
          "title": "GET single youtube subscriber",
          "fullFile": "D:\\frontend projects\\Alma backend\\__tests__\\ytSubscribeController.test.js",
          "file": "\\__tests__\\ytSubscribeController.test.js",
          "beforeHooks": [],
          "afterHooks": [],
          "tests": [
            {
              "title": "should get a single subscriber",
              "fullTitle": "GET single youtube subscriber should get a single subscriber",
              "timedOut": false,
              "duration": 1,
              "state": "passed",
              "speed": "fast",
              "pass": true,
              "fail": false,
              "pending": false,
              "context": null,
              "code": "chai\n  .request(\"http://localhost:8080\")\n  .get(\"/subscribers/63d753657ea251179c5a6e52\")\n  .end((err, res) => {\n    if (err) {\n      console.log(err);\n    } else {\n      res.should.have.status(200);\n      res.body.should.be.a(\"object\");\n      res.body.length.should.be.eq(1);\n      res.body.should.have.property(\"subscribedChannel\");\n    }\n  });\ndone();",
              "err": {},
              "uuid": "6a1b84b8-7f97-4748-a90a-cdbb9d9b437f",
              "parentUUID": "88f064a5-c9a7-4e89-978f-2712a100d347",
              "isHook": false,
              "skipped": false
            }
          ],
          "suites": [],
          "passes": [
            "6a1b84b8-7f97-4748-a90a-cdbb9d9b437f"
          ],
          "failures": [],
          "pending": [],
          "skipped": [],
          "duration": 1,
          "root": false,
          "rootEmpty": false,
          "_timeout": 60000
        },
        {
          "uuid": "bc833019-8820-458e-bed7-7c80a1e24168",
          "title": "POST a you tube subscriber",
          "fullFile": "D:\\frontend projects\\Alma backend\\__tests__\\ytSubscribeController.test.js",
          "file": "\\__tests__\\ytSubscribeController.test.js",
          "beforeHooks": [],
          "afterHooks": [],
          "tests": [
            {
              "title": "should post a subscriber",
              "fullTitle": "POST a you tube subscriber should post a subscriber",
              "timedOut": false,
              "duration": 4,
              "state": "passed",
              "speed": "fast",
              "pass": true,
              "fail": false,
              "pending": false,
              "context": null,
              "code": "const subscriberData = {\n  name: \"Lucifer\",\n  subscribedChannel: \"sentex\",\n};\nchai\n  .request(\"http://localhost:8080\")\n  .post(\"/subscribers/\")\n  .send(subscriberData)\n  .end((err, res) => {\n    if (err) {\n      console.log(err);\n    } else {\n      res.should.have.status(200);\n      res.body.should.be.a(\"object\");\n      res.body.should.have.property(\"insertId\");\n      res.body.should.have.property(\"insertId\").to.not.eq(0);\n    }\n  });\ndone();",
              "err": {},
              "uuid": "9087f850-a038-4ec0-84cc-6b1b242229c7",
              "parentUUID": "bc833019-8820-458e-bed7-7c80a1e24168",
              "isHook": false,
              "skipped": false
            }
          ],
          "suites": [],
          "passes": [
            "9087f850-a038-4ec0-84cc-6b1b242229c7"
          ],
          "failures": [],
          "pending": [],
          "skipped": [],
          "duration": 4,
          "root": false,
          "rootEmpty": false,
          "_timeout": 60000
        },
        {
          "uuid": "c7ebd781-e617-43f6-b73e-b61422624845",
          "title": "DELETE a you tube subscriber",
          "fullFile": "D:\\frontend projects\\Alma backend\\__tests__\\ytSubscribeController.test.js",
          "file": "\\__tests__\\ytSubscribeController.test.js",
          "beforeHooks": [],
          "afterHooks": [],
          "tests": [
            {
              "title": "should delete a subscriber",
              "fullTitle": "DELETE a you tube subscriber should delete a subscriber",
              "timedOut": false,
              "duration": 1,
              "state": "passed",
              "speed": "fast",
              "pass": true,
              "fail": false,
              "pending": false,
              "context": null,
              "code": "chai\n  .request(\"http://localhost:8080\")\n  .delete(\"/api/subscribers/63d753657ea251179c5a6e52\")\n  .end((err, res) => {\n    if (err) {\n      console.log(err);\n    } else {\n      res.should.have.status(200);\n      res.body.should.be.a(\"object\");\n      const message = res.body.message;\n      expect(message).to.be.eq(\"deletion successful\");\n    }\n  });\ndone();",
              "err": {},
              "uuid": "288b51fa-6e4b-42d0-a481-2dc858dbcbef",
              "parentUUID": "c7ebd781-e617-43f6-b73e-b61422624845",
              "isHook": false,
              "skipped": false
            }
          ],
          "suites": [],
          "passes": [
            "288b51fa-6e4b-42d0-a481-2dc858dbcbef"
          ],
          "failures": [],
          "pending": [],
          "skipped": [],
          "duration": 1,
          "root": false,
          "rootEmpty": false,
          "_timeout": 60000
        },
        {
          "uuid": "29cea4d9-1198-47e3-a7d2-28d7a7396810",
          "title": "GET you tube subscriber's names",
          "fullFile": "D:\\frontend projects\\Alma backend\\__tests__\\ytSubscribeController.test.js",
          "file": "\\__tests__\\ytSubscribeController.test.js",
          "beforeHooks": [],
          "afterHooks": [],
          "tests": [
            {
              "title": "should get a PATH /api/ytSubscribers/names",
              "fullTitle": "GET you tube subscriber's names should get a PATH /api/ytSubscribers/names",
              "timedOut": false,
              "duration": 3,
              "state": "passed",
              "speed": "fast",
              "pass": true,
              "fail": false,
              "pending": false,
              "context": null,
              "code": "chai\n  .request(\"http://localhost:8080\")\n  .get(\"/subscribers/names\")\n  .end((err, res) => {\n    if (err) {\n      console.log(err);\n    } else {\n      res.should.have.status(200);\n      res.body.should.be.a(\"array\");\n      res.body.length.to.be.eq(3);\n    }\n  });\ndone();",
              "err": {},
              "uuid": "2bcdcbd2-4e9e-4200-b6e1-393ec2c62d77",
              "parentUUID": "29cea4d9-1198-47e3-a7d2-28d7a7396810",
              "isHook": false,
              "skipped": false
            }
          ],
          "suites": [],
          "passes": [
            "2bcdcbd2-4e9e-4200-b6e1-393ec2c62d77"
          ],
          "failures": [],
          "pending": [],
          "skipped": [],
          "duration": 3,
          "root": false,
          "rootEmpty": false,
          "_timeout": 60000
        },
        {
          "uuid": "41282fe3-a128-45b2-96ad-a4bac0e7cb05",
          "title": "UPDATE a you tube subscriber",
          "fullFile": "D:\\frontend projects\\Alma backend\\__tests__\\ytSubscribeController.test.js",
          "file": "\\__tests__\\ytSubscribeController.test.js",
          "beforeHooks": [],
          "afterHooks": [],
          "tests": [
            {
              "title": "should UPDATE a subscriber",
              "fullTitle": "UPDATE a you tube subscriber should UPDATE a subscriber",
              "timedOut": false,
              "duration": 2,
              "state": "passed",
              "speed": "fast",
              "pass": true,
              "fail": false,
              "pending": false,
              "context": null,
              "code": "const subscriberData = {\n  name: \"Lucifer\",\n  subscribedChannel: \"sentex\",\n};\nchai\n  .request(\"http://localhost:8080\")\n  .patch(\"/subscribers/63d753b67ea251179c5a6e56\")\n  .send(subscriberData)\n  .end((err, res) => {\n    if (err) {\n      console.log(err);\n    } else {\n      res.should.have.status(200);\n      res.body.should.be.a(\"object\");\n    }\n  });\ndone();",
              "err": {},
              "uuid": "2ec68f1e-10ea-41fc-aa5d-b799ffdf95a9",
              "parentUUID": "41282fe3-a128-45b2-96ad-a4bac0e7cb05",
              "isHook": false,
              "skipped": false
            }
          ],
          "suites": [],
          "passes": [
            "2ec68f1e-10ea-41fc-aa5d-b799ffdf95a9"
          ],
          "failures": [],
          "pending": [],
          "skipped": [],
          "duration": 2,
          "root": false,
          "rootEmpty": false,
          "_timeout": 60000
        }
      ],
      "passes": [],
      "failures": [],
      "pending": [],
      "skipped": [],
      "duration": 0,
      "root": true,
      "rootEmpty": true,
      "_timeout": 60000
    }
  ],
  "meta": {
    "mocha": {
      "version": "10.2.0"
    },
    "mochawesome": {
      "options": {
        "quiet": false,
        "reportFilename": "mochawesome",
        "saveHtml": true,
        "saveJson": true,
        "consoleReporter": "spec",
        "useInlineDiffs": false,
        "code": true
      },
      "version": "7.1.3"
    },
    "marge": {
      "options": null,
      "version": "6.2.0"
    }
  }
}