{
  "stats": {
    "suites": 7,
    "tests": 7,
    "passes": 7,
    "pending": 0,
    "failures": 0,
    "start": "2023-01-30T15:36:06.360Z",
    "end": "2023-01-30T15:36:06.478Z",
    "duration": 118,
    "testsRegistered": 7,
    "passPercent": 100,
    "pendingPercent": 0,
    "other": 0,
    "hasOther": false,
    "skipped": 0,
    "hasSkipped": false
  },
  "results": [
    {
      "uuid": "a2760eb4-709e-4da9-9e2c-2460f43cabe8",
      "title": "",
      "fullFile": "",
      "file": "",
      "beforeHooks": [],
      "afterHooks": [],
      "tests": [],
      "suites": [
        {
          "uuid": "eec97198-7570-400e-876b-4e462bebc052",
          "title": "/Testing the home route",
          "fullFile": "D:\\frontend projects\\Alma backend\\__tests__\\HomeRoute.test.js",
          "file": "\\__tests__\\HomeRoute.test.js",
          "beforeHooks": [],
          "afterHooks": [],
          "tests": [
            {
              "title": "should get default API home route",
              "fullTitle": "/Testing the home route should get default API home route",
              "timedOut": false,
              "duration": 15,
              "state": "passed",
              "speed": "fast",
              "pass": true,
              "fail": false,
              "pending": false,
              "context": null,
              "code": "chai\n  .request(server)\n  .get(\"/\")\n  .end((err, res) => {\n    res.should.have.status(200);\n    res.body.should.be.a(\"object\");\n    const greetingMsg = res.body.greeting;\n    expect(greetingMsg).to.be.eq(\n      \"Hi, I am Anjum Shaikh, this is a backend API to Youtube Subscribers\"\n    );\n  });\ndone();",
              "err": {},
              "uuid": "75c8359e-2c6e-4423-bcf6-528a82332f40",
              "parentUUID": "eec97198-7570-400e-876b-4e462bebc052",
              "isHook": false,
              "skipped": false
            }
          ],
          "suites": [],
          "passes": [
            "75c8359e-2c6e-4423-bcf6-528a82332f40"
          ],
          "failures": [],
          "pending": [],
          "skipped": [],
          "duration": 15,
          "root": false,
          "rootEmpty": false,
          "_timeout": 60000
        },
        {
          "uuid": "176bc17c-1bfd-49fe-b56c-1f81cc45889d",
          "title": "GET all subscribers",
          "fullFile": "D:\\frontend projects\\Alma backend\\__tests__\\ytSubscribeController.test.js",
          "file": "\\__tests__\\ytSubscribeController.test.js",
          "beforeHooks": [],
          "afterHooks": [],
          "tests": [
            {
              "title": "should get all subscribers",
              "fullTitle": "GET all subscribers should get all subscribers",
              "timedOut": false,
              "duration": 6,
              "state": "passed",
              "speed": "fast",
              "pass": true,
              "fail": false,
              "pending": false,
              "context": null,
              "code": "chai\n  .request(\"http://localhost:8080\")\n  .get(\"/subscribers\")\n  .end((err, res) => {\n    if (err) {\n      console.log(err);\n    } else {\n      res.should.have.status(200);\n      res.body.should.be.a(\"array\");\n      res.body.length.should.be.eq(3);\n    }\n  });\ndone();",
              "err": {},
              "uuid": "1055c3ad-9bad-42d5-941e-27682eb16e23",
              "parentUUID": "176bc17c-1bfd-49fe-b56c-1f81cc45889d",
              "isHook": false,
              "skipped": false
            }
          ],
          "suites": [],
          "passes": [
            "1055c3ad-9bad-42d5-941e-27682eb16e23"
          ],
          "failures": [],
          "pending": [],
          "skipped": [],
          "duration": 6,
          "root": false,
          "rootEmpty": false,
          "_timeout": 60000
        },
        {
          "uuid": "66266a10-26aa-4a3f-9bfd-a9b422be7658",
          "title": "GET single youtube subscriber",
          "fullFile": "D:\\frontend projects\\Alma backend\\__tests__\\ytSubscribeController.test.js",
          "file": "\\__tests__\\ytSubscribeController.test.js",
          "beforeHooks": [],
          "afterHooks": [],
          "tests": [
            {
              "title": "should get a single subscriber",
              "fullTitle": "GET single youtube subscriber should get a single subscriber",
              "timedOut": false,
              "duration": 2,
              "state": "passed",
              "speed": "fast",
              "pass": true,
              "fail": false,
              "pending": false,
              "context": null,
              "code": "chai\n  .request(\"http://localhost:8080\")\n  .get(\"/subscribers/63d753657ea251179c5a6e52\")\n  .end((err, res) => {\n    if (err) {\n      console.log(err);\n    } else {\n      res.should.have.status(200);\n      res.body.should.be.a(\"object\");\n      res.body.length.should.be.eq(1);\n      res.body.should.have.property(\"subscribedChannel\");\n    }\n  });\ndone();",
              "err": {},
              "uuid": "edbf93b6-bd0a-4093-8389-d10f97fab1e3",
              "parentUUID": "66266a10-26aa-4a3f-9bfd-a9b422be7658",
              "isHook": false,
              "skipped": false
            }
          ],
          "suites": [],
          "passes": [
            "edbf93b6-bd0a-4093-8389-d10f97fab1e3"
          ],
          "failures": [],
          "pending": [],
          "skipped": [],
          "duration": 2,
          "root": false,
          "rootEmpty": false,
          "_timeout": 60000
        },
        {
          "uuid": "a0e9eb4b-9e46-48fd-96a6-00a139f6979b",
          "title": "POST a you tube subscriber",
          "fullFile": "D:\\frontend projects\\Alma backend\\__tests__\\ytSubscribeController.test.js",
          "file": "\\__tests__\\ytSubscribeController.test.js",
          "beforeHooks": [],
          "afterHooks": [],
          "tests": [
            {
              "title": "should post a subscriber",
              "fullTitle": "POST a you tube subscriber should post a subscriber",
              "timedOut": false,
              "duration": 3,
              "state": "passed",
              "speed": "fast",
              "pass": true,
              "fail": false,
              "pending": false,
              "context": null,
              "code": "const subscriberData = {\n  name: \"Lucifer\",\n  subscribedChannel: \"sentex\",\n};\nchai\n  .request(\"http://localhost:8080\")\n  .post(\"/subscribers/\")\n  .send(subscriberData)\n  .end((err, res) => {\n    if (err) {\n      console.log(err);\n    } else {\n      res.should.have.status(200);\n      res.body.should.be.a(\"object\");\n      res.body.should.have.property(\"insertId\");\n      res.body.should.have.property(\"insertId\").to.not.eq(0);\n    }\n  });\ndone();",
              "err": {},
              "uuid": "383a2230-9162-444e-9ab6-6b7759d996c9",
              "parentUUID": "a0e9eb4b-9e46-48fd-96a6-00a139f6979b",
              "isHook": false,
              "skipped": false
            }
          ],
          "suites": [],
          "passes": [
            "383a2230-9162-444e-9ab6-6b7759d996c9"
          ],
          "failures": [],
          "pending": [],
          "skipped": [],
          "duration": 3,
          "root": false,
          "rootEmpty": false,
          "_timeout": 60000
        },
        {
          "uuid": "e48c72b4-5acf-4d5e-bb43-bc4185d3c2e1",
          "title": "DELETE a you tube subscriber",
          "fullFile": "D:\\frontend projects\\Alma backend\\__tests__\\ytSubscribeController.test.js",
          "file": "\\__tests__\\ytSubscribeController.test.js",
          "beforeHooks": [],
          "afterHooks": [],
          "tests": [
            {
              "title": "should delete a subscriber",
              "fullTitle": "DELETE a you tube subscriber should delete a subscriber",
              "timedOut": false,
              "duration": 1,
              "state": "passed",
              "speed": "fast",
              "pass": true,
              "fail": false,
              "pending": false,
              "context": null,
              "code": "chai\n  .request(\"http://localhost:8080\")\n  .delete(\"/api/subscribers/63d753657ea251179c5a6e52\")\n  .end((err, res) => {\n    if (err) {\n      console.log(err);\n    } else {\n      res.should.have.status(200);\n      res.body.should.be.a(\"object\");\n      const message = res.body.message;\n      expect(message).to.be.eq(\"deletion successful\");\n    }\n  });\ndone();",
              "err": {},
              "uuid": "beb7ee8b-b21d-48ec-b385-dfac4b62f1d4",
              "parentUUID": "e48c72b4-5acf-4d5e-bb43-bc4185d3c2e1",
              "isHook": false,
              "skipped": false
            }
          ],
          "suites": [],
          "passes": [
            "beb7ee8b-b21d-48ec-b385-dfac4b62f1d4"
          ],
          "failures": [],
          "pending": [],
          "skipped": [],
          "duration": 1,
          "root": false,
          "rootEmpty": false,
          "_timeout": 60000
        },
        {
          "uuid": "46682748-4b23-41fa-9925-7ab7fcaf240f",
          "title": "GET you tube subscriber's names",
          "fullFile": "D:\\frontend projects\\Alma backend\\__tests__\\ytSubscribeController.test.js",
          "file": "\\__tests__\\ytSubscribeController.test.js",
          "beforeHooks": [],
          "afterHooks": [],
          "tests": [
            {
              "title": "should get a PATH /api/ytSubscribers/names",
              "fullTitle": "GET you tube subscriber's names should get a PATH /api/ytSubscribers/names",
              "timedOut": false,
              "duration": 2,
              "state": "passed",
              "speed": "fast",
              "pass": true,
              "fail": false,
              "pending": false,
              "context": null,
              "code": "chai\n  .request(\"http://localhost:8080\")\n  .get(\"/subscribers/names\")\n  .end((err, res) => {\n    if (err) {\n      console.log(err);\n    } else {\n      res.should.have.status(200);\n      res.body.should.be.a(\"array\");\n      res.body.length.to.be.eq(3);\n    }\n  });\ndone();",
              "err": {},
              "uuid": "ec48333d-334f-4a53-ad7f-7df175c269be",
              "parentUUID": "46682748-4b23-41fa-9925-7ab7fcaf240f",
              "isHook": false,
              "skipped": false
            }
          ],
          "suites": [],
          "passes": [
            "ec48333d-334f-4a53-ad7f-7df175c269be"
          ],
          "failures": [],
          "pending": [],
          "skipped": [],
          "duration": 2,
          "root": false,
          "rootEmpty": false,
          "_timeout": 60000
        },
        {
          "uuid": "6845f165-1d7e-438b-807f-3e90743b443e",
          "title": "UPDATE a you tube subscriber",
          "fullFile": "D:\\frontend projects\\Alma backend\\__tests__\\ytSubscribeController.test.js",
          "file": "\\__tests__\\ytSubscribeController.test.js",
          "beforeHooks": [],
          "afterHooks": [],
          "tests": [
            {
              "title": "should UPDATE a subscriber",
              "fullTitle": "UPDATE a you tube subscriber should UPDATE a subscriber",
              "timedOut": false,
              "duration": 1,
              "state": "passed",
              "speed": "fast",
              "pass": true,
              "fail": false,
              "pending": false,
              "context": null,
              "code": "const subscriberData = {\n  name: \"Lucifer\",\n  subscribedChannel: \"sentex\",\n};\nchai\n  .request(\"http://localhost:8080\")\n  .patch(\"/subscribers/63d753b67ea251179c5a6e56\")\n  .send(subscriberData)\n  .end((err, res) => {\n    if (err) {\n      console.log(err);\n    } else {\n      res.should.have.status(200);\n      res.body.should.be.a(\"object\");\n    }\n  });\ndone();",
              "err": {},
              "uuid": "854b6777-b474-41d3-8f08-e9983356b63c",
              "parentUUID": "6845f165-1d7e-438b-807f-3e90743b443e",
              "isHook": false,
              "skipped": false
            }
          ],
          "suites": [],
          "passes": [
            "854b6777-b474-41d3-8f08-e9983356b63c"
          ],
          "failures": [],
          "pending": [],
          "skipped": [],
          "duration": 1,
          "root": false,
          "rootEmpty": false,
          "_timeout": 60000
        }
      ],
      "passes": [],
      "failures": [],
      "pending": [],
      "skipped": [],
      "duration": 0,
      "root": true,
      "rootEmpty": true,
      "_timeout": 60000
    }
  ],
  "meta": {
    "mocha": {
      "version": "10.2.0"
    },
    "mochawesome": {
      "options": {
        "quiet": false,
        "reportFilename": "mochawesome",
        "saveHtml": true,
        "saveJson": true,
        "consoleReporter": "spec",
        "useInlineDiffs": false,
        "code": true
      },
      "version": "7.1.3"
    },
    "marge": {
      "options": null,
      "version": "6.2.0"
    }
  }
}